"migration_result.stdout_lines": [
        "PREDUMP",
        "mysql: predump finished after 0.37 second(s) with exit code 0",
        "mysql: predump size 128M\t/home/ubuntu/mysql/predump",
        "",
        "wordpress: predump finished after 1.62 second(s) with exit code 0",
        "wordpress: predump size 98M\t/home/ubuntu/wordpress/predump",
        "",
        "PREDUMP TRANSFER",
        "wordpress: total size (container + predump) 713M\t/home/ubuntu/wordpress",
        "",
        "wordpress: transferring predump to 10.0.1.3::/home/ubuntu/wordpress",
        "mysql: total size (container + predump) 828M\t/home/ubuntu/mysql",
        "",
        "mysql: transferring predump to 10.0.1.3::/home/ubuntu/mysql",
        "wordpress: predump transfer time 7.88 seconds",
        "mysql: predump transfer time 9.33 seconds",
        "CHECKPOINT",
        "No such backend.",
        "",
        "No such backend.",
        "",
        "mysql: checkpoint finished after 0.34 second(s) with exit code 0",
        "mysql: checkpoint size 1.7M\t/home/ubuntu/mysql/checkpoint",
        "",
        "wordpress: checkpoint finished after 0.47 second(s) with exit code 0",
        "wordpress: checkpoint size 17M\t/home/ubuntu/wordpress/checkpoint",
        "",
        "CALCULATE",
        "mysql: evaluating checkpoint transfer size",
        "wordpress: evaluating checkpoint transfer size",
        "mysql: total checkpoint transfer size 1555869 bytes",
        "mysql: checkpoint transfer size calculation time 0.28 seconds",
        "wordpress: total checkpoint transfer size 17525652 bytes",
        "wordpress: checkpoint transfer size calculation time 0.38 seconds",
        "CHECKPOINT TRANSFER + NOTIFY",
        "Starting transfer of wordpress",
        "Waiting for transfer of wordpress",
        "wordpress: transferring checkpoint to 10.0.1.3::/home/ubuntu/wordpress",
        "Starting transfer of mysql",
        "Waiting for transfer of mysql",
        "mysql: transferring checkpoint to 10.0.1.3::/home/ubuntu/mysql",
        "mysql: checkpoint transfer time 0.67 seconds",
        "wordpress: checkpoint transfer time 0.90 seconds",
        "mysql: runc restored mysql successfully",
        "wordpress: runc restored wordpress successfully",
        "mysql: target notification time 5.60 seconds",
        "wordpress: target notification time 5.81 seconds",
        "Total downtime: 7.60 second(s)"
    ]